{"/home/user/ai-financial-mvp/functions/src/data-analysis.ts": {"path":"/home/user/ai-financial-mvp/functions/src/data-analysis.ts","statementMap":{"0":{"start":{"line":3,"column":0},"end":{"line":3,"column":40}},"1":{"start":{"line":6,"column":0},"end":{"line":8,"column":1}},"2":{"start":{"line":7,"column":2},"end":{"line":7,"column":24}},"3":{"start":{"line":9,"column":11},"end":{"line":9,"column":28}},"4":{"start":{"line":12,"column":0},"end":{"line":17,"column":1}},"5":{"start":{"line":13,"column":2},"end":{"line":16,"column":5}},"6":{"start":{"line":19,"column":23},"end":{"line":19,"column":38}},"7":{"start":{"line":22,"column":27},"end":{"line":30,"column":1}},"8":{"start":{"line":23,"column":18},"end":{"line":23,"column":28}},"9":{"start":{"line":24,"column":4},"end":{"line":27,"column":7}},"10":{"start":{"line":25,"column":21},"end":{"line":25,"column":56}},"11":{"start":{"line":26,"column":6},"end":{"line":26,"column":40}},"12":{"start":{"line":28,"column":4},"end":{"line":28,"column":25}},"13":{"start":{"line":29,"column":4},"end":{"line":29,"column":52}},"14":{"start":{"line":22,"column":13},"end":{"line":22,"column":27}},"15":{"start":{"line":33,"column":37},"end":{"line":57,"column":1}},"16":{"start":{"line":34,"column":21},"end":{"line":34,"column":62}},"17":{"start":{"line":35,"column":20},"end":{"line":35,"column":72}},"18":{"start":{"line":35,"column":45},"end":{"line":35,"column":71}},"19":{"start":{"line":37,"column":4},"end":{"line":39,"column":5}},"20":{"start":{"line":38,"column":6},"end":{"line":38,"column":60}},"21":{"start":{"line":41,"column":17},"end":{"line":41,"column":84}},"22":{"start":{"line":41,"column":58},"end":{"line":41,"column":63}},"23":{"start":{"line":43,"column":21},"end":{"line":43,"column":130}},"24":{"start":{"line":43,"column":48},"end":{"line":43,"column":69}},"25":{"start":{"line":43,"column":104},"end":{"line":43,"column":109}},"26":{"start":{"line":44,"column":19},"end":{"line":44,"column":38}},"27":{"start":{"line":46,"column":23},"end":{"line":46,"column":40}},"28":{"start":{"line":47,"column":23},"end":{"line":47,"column":40}},"29":{"start":{"line":49,"column":21},"end":{"line":49,"column":90}},"30":{"start":{"line":49,"column":53},"end":{"line":49,"column":89}},"31":{"start":{"line":51,"column":4},"end":{"line":56,"column":6}},"32":{"start":{"line":33,"column":13},"end":{"line":33,"column":37}},"33":{"start":{"line":59,"column":38},"end":{"line":82,"column":1}},"34":{"start":{"line":61,"column":2},"end":{"line":67,"column":3}},"35":{"start":{"line":62,"column":25},"end":{"line":62,"column":30}},"36":{"start":{"line":65,"column":20},"end":{"line":65,"column":49}},"37":{"start":{"line":66,"column":4},"end":{"line":66,"column":23}},"38":{"start":{"line":70,"column":2},"end":{"line":78,"column":3}},"39":{"start":{"line":71,"column":25},"end":{"line":71,"column":91}},"40":{"start":{"line":71,"column":68},"end":{"line":71,"column":78}},"41":{"start":{"line":72,"column":4},"end":{"line":74,"column":5}},"42":{"start":{"line":73,"column":6},"end":{"line":73,"column":24}},"43":{"start":{"line":75,"column":25},"end":{"line":75,"column":80}},"44":{"start":{"line":75,"column":71},"end":{"line":75,"column":76}},"45":{"start":{"line":76,"column":16},"end":{"line":76,"column":50}},"46":{"start":{"line":77,"column":4},"end":{"line":77,"column":19}},"47":{"start":{"line":81,"column":2},"end":{"line":81,"column":28}},"48":{"start":{"line":59,"column":13},"end":{"line":59,"column":38}}},"fnMap":{"0":{"name":"(anonymous_9)","decl":{"start":{"line":22,"column":27},"end":{"line":22,"column":32}},"loc":{"start":{"line":22,"column":72},"end":{"line":30,"column":1}}},"1":{"name":"(anonymous_10)","decl":{"start":{"line":24,"column":20},"end":{"line":24,"column":21}},"loc":{"start":{"line":24,"column":36},"end":{"line":27,"column":5}}},"2":{"name":"(anonymous_11)","decl":{"start":{"line":33,"column":37},"end":{"line":33,"column":42}},"loc":{"start":{"line":33,"column":48},"end":{"line":57,"column":1}}},"3":{"name":"(anonymous_12)","decl":{"start":{"line":35,"column":38},"end":{"line":35,"column":41}},"loc":{"start":{"line":35,"column":45},"end":{"line":35,"column":71}}},"4":{"name":"(anonymous_13)","decl":{"start":{"line":41,"column":32},"end":{"line":41,"column":33}},"loc":{"start":{"line":41,"column":58},"end":{"line":41,"column":63}}},"5":{"name":"(anonymous_14)","decl":{"start":{"line":43,"column":33},"end":{"line":43,"column":34}},"loc":{"start":{"line":43,"column":48},"end":{"line":43,"column":69}}},"6":{"name":"(anonymous_15)","decl":{"start":{"line":43,"column":78},"end":{"line":43,"column":79}},"loc":{"start":{"line":43,"column":104},"end":{"line":43,"column":109}}},"7":{"name":"(anonymous_16)","decl":{"start":{"line":49,"column":36},"end":{"line":49,"column":37}},"loc":{"start":{"line":49,"column":53},"end":{"line":49,"column":89}}},"8":{"name":"(anonymous_17)","decl":{"start":{"line":59,"column":38},"end":{"line":59,"column":39}},"loc":{"start":{"line":59,"column":53},"end":{"line":82,"column":1}}},"9":{"name":"(anonymous_18)","decl":{"start":{"line":71,"column":46},"end":{"line":71,"column":47}},"loc":{"start":{"line":71,"column":68},"end":{"line":71,"column":78}}},"10":{"name":"(anonymous_19)","decl":{"start":{"line":75,"column":45},"end":{"line":75,"column":46}},"loc":{"start":{"line":75,"column":71},"end":{"line":75,"column":76}}}},"branchMap":{"0":{"loc":{"start":{"line":6,"column":0},"end":{"line":8,"column":1}},"type":"if","locations":[{"start":{"line":6,"column":0},"end":{"line":8,"column":1}}]},"1":{"loc":{"start":{"line":12,"column":0},"end":{"line":17,"column":1}},"type":"if","locations":[{"start":{"line":12,"column":0},"end":{"line":17,"column":1}}]},"2":{"loc":{"start":{"line":37,"column":4},"end":{"line":39,"column":5}},"type":"if","locations":[{"start":{"line":37,"column":4},"end":{"line":39,"column":5}}]},"3":{"loc":{"start":{"line":49,"column":53},"end":{"line":49,"column":89}},"type":"binary-expr","locations":[{"start":{"line":49,"column":53},"end":{"line":49,"column":69}},{"start":{"line":49,"column":73},"end":{"line":49,"column":89}}]},"4":{"loc":{"start":{"line":61,"column":2},"end":{"line":67,"column":3}},"type":"if","locations":[{"start":{"line":61,"column":2},"end":{"line":67,"column":3}}]},"5":{"loc":{"start":{"line":61,"column":6},"end":{"line":61,"column":74}},"type":"binary-expr","locations":[{"start":{"line":61,"column":6},"end":{"line":61,"column":38}},{"start":{"line":61,"column":42},"end":{"line":61,"column":74}}]},"6":{"loc":{"start":{"line":70,"column":2},"end":{"line":78,"column":3}},"type":"if","locations":[{"start":{"line":70,"column":2},"end":{"line":78,"column":3}}]},"7":{"loc":{"start":{"line":70,"column":6},"end":{"line":70,"column":51}},"type":"binary-expr","locations":[{"start":{"line":70,"column":6},"end":{"line":70,"column":19}},{"start":{"line":70,"column":23},"end":{"line":70,"column":51}}]},"8":{"loc":{"start":{"line":72,"column":4},"end":{"line":74,"column":5}},"type":"if","locations":[{"start":{"line":72,"column":4},"end":{"line":74,"column":5}}]}},"s":{"0":4,"1":4,"2":4,"3":4,"4":4,"5":1,"6":4,"7":4,"8":2,"9":2,"10":20,"11":20,"12":2,"13":2,"14":4,"15":4,"16":2,"17":2,"18":10,"19":2,"20":1,"21":1,"22":10,"23":1,"24":10,"25":10,"26":1,"27":1,"28":1,"29":1,"30":10,"31":1,"32":4,"33":4,"34":0,"35":0,"36":0,"37":0,"38":0,"39":0,"40":0,"41":0,"42":0,"43":0,"44":0,"45":0,"46":0,"47":0,"48":4},"f":{"0":2,"1":20,"2":2,"3":10,"4":10,"5":10,"6":10,"7":10,"8":0,"9":0,"10":0},"b":{"0":[4],"1":[1],"2":[1],"3":[10,10],"4":[0],"5":[0,0],"6":[0],"7":[0,0],"8":[0]}}
,"/home/user/ai-financial-mvp/functions/src/financial-summary.ts": {"path":"/home/user/ai-financial-mvp/functions/src/financial-summary.ts","statementMap":{"0":{"start":{"line":2,"column":0},"end":{"line":2,"column":56}},"1":{"start":{"line":4,"column":39},"end":{"line":13,"column":1}},"2":{"start":{"line":5,"column":36},"end":{"line":5,"column":65}},"3":{"start":{"line":7,"column":4},"end":{"line":9,"column":5}},"4":{"start":{"line":8,"column":6},"end":{"line":8,"column":79}},"5":{"start":{"line":11,"column":20},"end":{"line":11,"column":159}},"6":{"start":{"line":12,"column":4},"end":{"line":12,"column":23}},"7":{"start":{"line":4,"column":13},"end":{"line":4,"column":39}}},"fnMap":{"0":{"name":"(anonymous_0)","decl":{"start":{"line":4,"column":39},"end":{"line":4,"column":44}},"loc":{"start":{"line":4,"column":50},"end":{"line":13,"column":1}}}},"branchMap":{"0":{"loc":{"start":{"line":7,"column":4},"end":{"line":9,"column":5}},"type":"if","locations":[{"start":{"line":7,"column":4},"end":{"line":9,"column":5}}]}},"s":{"0":3,"1":3,"2":0,"3":0,"4":0,"5":0,"6":0,"7":3},"f":{"0":0},"b":{"0":[0]}}
,"/home/user/ai-financial-mvp/functions/src/health.ts": {"path":"/home/user/ai-financial-mvp/functions/src/health.ts","statementMap":{"0":{"start":{"line":2,"column":0},"end":{"line":2,"column":30}},"1":{"start":{"line":3,"column":0},"end":{"line":3,"column":56}},"2":{"start":{"line":5,"column":13},"end":{"line":5,"column":35}},"3":{"start":{"line":8,"column":0},"end":{"line":14,"column":3}},"4":{"start":{"line":9,"column":2},"end":{"line":13,"column":5}},"5":{"start":{"line":16,"column":13},"end":{"line":16,"column":43}}},"fnMap":{"0":{"name":"(anonymous_1)","decl":{"start":{"line":8,"column":29},"end":{"line":8,"column":30}},"loc":{"start":{"line":8,"column":42},"end":{"line":14,"column":1}}}},"branchMap":{},"s":{"0":3,"1":3,"2":3,"3":3,"4":52,"5":3},"f":{"0":52},"b":{}}
,"/home/user/ai-financial-mvp/functions/src/index.ts": {"path":"/home/user/ai-financial-mvp/functions/src/index.ts","statementMap":{"0":{"start":{"line":2,"column":0},"end":{"line":2,"column":56}},"1":{"start":{"line":3,"column":0},"end":{"line":3,"column":30}},"2":{"start":{"line":4,"column":0},"end":{"line":4,"column":28}},"3":{"start":{"line":11,"column":0},"end":{"line":11,"column":54}},"4":{"start":{"line":14,"column":0},"end":{"line":14,"column":20}},"5":{"start":{"line":60,"column":9},"end":{"line":14,"column":45}},"6":{"start":{"line":16,"column":13},"end":{"line":16,"column":32}},"7":{"start":{"line":17,"column":0},"end":{"line":17,"column":21}},"8":{"start":{"line":18,"column":0},"end":{"line":18,"column":27}},"9":{"start":{"line":19,"column":0},"end":{"line":19,"column":27}},"10":{"start":{"line":22,"column":0},"end":{"line":22,"column":22}},"11":{"start":{"line":25,"column":0},"end":{"line":25,"column":42}},"12":{"start":{"line":28,"column":0},"end":{"line":30,"column":3}},"13":{"start":{"line":29,"column":4},"end":{"line":29,"column":80}},"14":{"start":{"line":33,"column":0},"end":{"line":35,"column":3}},"15":{"start":{"line":34,"column":4},"end":{"line":34,"column":48}},"16":{"start":{"line":38,"column":0},"end":{"line":40,"column":3}},"17":{"start":{"line":39,"column":4},"end":{"line":39,"column":59}},"18":{"start":{"line":44,"column":13},"end":{"line":44,"column":37}},"19":{"start":{"line":47,"column":13},"end":{"line":47,"column":26}},"20":{"start":{"line":50,"column":0},"end":{"line":50,"column":null}},"21":{"start":{"line":51,"column":2},"end":{"line":51,"column":null}},"22":{"start":{"line":52,"column":2},"end":{"line":52,"column":null}},"23":{"start":{"line":55,"column":0},"end":{"line":55,"column":null}},"24":{"start":{"line":56,"column":4},"end":{"line":56,"column":null}}},"fnMap":{"0":{"name":"(anonymous_1)","decl":{"start":{"line":60,"column":9},"end":{"line":60,"column":15}},"loc":{"start":{"line":60,"column":9},"end":{"line":14,"column":45}}},"1":{"name":"(anonymous_2)","decl":{"start":{"line":28,"column":32},"end":{"line":28,"column":33}},"loc":{"start":{"line":28,"column":45},"end":{"line":30,"column":1}}},"2":{"name":"(anonymous_3)","decl":{"start":{"line":33,"column":55},"end":{"line":33,"column":56}},"loc":{"start":{"line":33,"column":68},"end":{"line":35,"column":1}}},"3":{"name":"(anonymous_4)","decl":{"start":{"line":38,"column":53},"end":{"line":38,"column":54}},"loc":{"start":{"line":38,"column":66},"end":{"line":40,"column":1}}},"4":{"name":"(anonymous_5)","decl":{"start":{"line":51,"column":2},"end":{"line":51,"column":13}},"loc":{"start":{"line":51,"column":2},"end":{"line":51,"column":null}}},"5":{"name":"(anonymous_6)","decl":{"start":{"line":52,"column":2},"end":{"line":52,"column":23}},"loc":{"start":{"line":52,"column":2},"end":{"line":52,"column":null}}},"6":{"name":"(anonymous_7)","decl":{"start":{"line":56,"column":4},"end":{"line":56,"column":27}},"loc":{"start":{"line":56,"column":4},"end":{"line":56,"column":null}}}},"branchMap":{},"s":{"0":3,"1":3,"2":3,"3":3,"4":3,"5":3,"6":3,"7":3,"8":3,"9":3,"10":3,"11":3,"12":3,"13":1,"14":3,"15":0,"16":3,"17":0,"18":3,"19":3,"20":3,"21":3,"22":3,"23":3,"24":3},"f":{"0":0,"1":1,"2":0,"3":0,"4":0,"5":0,"6":0},"b":{}}
,"/home/user/ai-financial-mvp/functions/src/sample-data-apis.ts": {"path":"/home/user/ai-financial-mvp/functions/src/sample-data-apis.ts","statementMap":{"0":{"start":{"line":2,"column":0},"end":{"line":2,"column":35}},"1":{"start":{"line":4,"column":13},"end":{"line":4,"column":49}},"2":{"start":{"line":7,"column":44},"end":{"line":10,"column":2}},"3":{"start":{"line":11,"column":13},"end":{"line":11,"column":14}},"4":{"start":{"line":14,"column":0},"end":{"line":14,"column":94}},"5":{"start":{"line":14,"column":46},"end":{"line":14,"column":92}},"6":{"start":{"line":15,"column":0},"end":{"line":15,"column":75}},"7":{"start":{"line":15,"column":46},"end":{"line":15,"column":73}},"8":{"start":{"line":16,"column":0},"end":{"line":16,"column":75}},"9":{"start":{"line":16,"column":47},"end":{"line":16,"column":73}},"10":{"start":{"line":19,"column":0},"end":{"line":19,"column":98}},"11":{"start":{"line":19,"column":45},"end":{"line":19,"column":96}},"12":{"start":{"line":20,"column":0},"end":{"line":20,"column":98}},"13":{"start":{"line":20,"column":46},"end":{"line":20,"column":96}},"14":{"start":{"line":23,"column":0},"end":{"line":29,"column":3}},"15":{"start":{"line":24,"column":36},"end":{"line":24,"column":44}},"16":{"start":{"line":25,"column":2},"end":{"line":27,"column":3}},"17":{"start":{"line":26,"column":4},"end":{"line":26,"column":135}},"18":{"start":{"line":28,"column":2},"end":{"line":28,"column":33}},"19":{"start":{"line":32,"column":0},"end":{"line":38,"column":3}},"20":{"start":{"line":33,"column":15},"end":{"line":33,"column":58}},"21":{"start":{"line":34,"column":2},"end":{"line":36,"column":3}},"22":{"start":{"line":35,"column":4},"end":{"line":35,"column":61}},"23":{"start":{"line":37,"column":2},"end":{"line":37,"column":29}},"24":{"start":{"line":40,"column":0},"end":{"line":47,"column":3}},"25":{"start":{"line":41,"column":14},"end":{"line":41,"column":37}},"26":{"start":{"line":42,"column":2},"end":{"line":44,"column":3}},"27":{"start":{"line":43,"column":4},"end":{"line":43,"column":81}},"28":{"start":{"line":45,"column":18},"end":{"line":45,"column":87}},"29":{"start":{"line":45,"column":63},"end":{"line":45,"column":86}},"30":{"start":{"line":46,"column":2},"end":{"line":46,"column":32}},"31":{"start":{"line":50,"column":0},"end":{"line":57,"column":3}},"32":{"start":{"line":51,"column":15},"end":{"line":51,"column":42}},"33":{"start":{"line":52,"column":4},"end":{"line":54,"column":5}},"34":{"start":{"line":53,"column":8},"end":{"line":53,"column":65}},"35":{"start":{"line":55,"column":4},"end":{"line":55,"column":64}},"36":{"start":{"line":56,"column":4},"end":{"line":56,"column":45}},"37":{"start":{"line":59,"column":0},"end":{"line":66,"column":3}},"38":{"start":{"line":60,"column":15},"end":{"line":60,"column":42}},"39":{"start":{"line":61,"column":4},"end":{"line":63,"column":5}},"40":{"start":{"line":62,"column":8},"end":{"line":62,"column":65}},"41":{"start":{"line":64,"column":4},"end":{"line":64,"column":30}},"42":{"start":{"line":65,"column":4},"end":{"line":65,"column":27}},"43":{"start":{"line":71,"column":0},"end":{"line":78,"column":3}},"44":{"start":{"line":72,"column":35},"end":{"line":72,"column":43}},"45":{"start":{"line":73,"column":4},"end":{"line":75,"column":5}},"46":{"start":{"line":74,"column":8},"end":{"line":74,"column":124}},"47":{"start":{"line":77,"column":4},"end":{"line":77,"column":65}},"48":{"start":{"line":81,"column":0},"end":{"line":87,"column":3}},"49":{"start":{"line":82,"column":4},"end":{"line":84,"column":5}},"50":{"start":{"line":83,"column":8},"end":{"line":83,"column":96}},"51":{"start":{"line":86,"column":4},"end":{"line":86,"column":78}}},"fnMap":{"0":{"name":"(anonymous_9)","decl":{"start":{"line":14,"column":32},"end":{"line":14,"column":33}},"loc":{"start":{"line":14,"column":46},"end":{"line":14,"column":92}}},"1":{"name":"(anonymous_10)","decl":{"start":{"line":15,"column":32},"end":{"line":15,"column":33}},"loc":{"start":{"line":15,"column":46},"end":{"line":15,"column":73}}},"2":{"name":"(anonymous_11)","decl":{"start":{"line":16,"column":33},"end":{"line":16,"column":34}},"loc":{"start":{"line":16,"column":47},"end":{"line":16,"column":73}}},"3":{"name":"(anonymous_12)","decl":{"start":{"line":19,"column":31},"end":{"line":19,"column":32}},"loc":{"start":{"line":19,"column":45},"end":{"line":19,"column":96}}},"4":{"name":"(anonymous_13)","decl":{"start":{"line":20,"column":32},"end":{"line":20,"column":33}},"loc":{"start":{"line":20,"column":46},"end":{"line":20,"column":96}}},"5":{"name":"(anonymous_14)","decl":{"start":{"line":23,"column":33},"end":{"line":23,"column":34}},"loc":{"start":{"line":23,"column":46},"end":{"line":29,"column":1}}},"6":{"name":"(anonymous_15)","decl":{"start":{"line":32,"column":34},"end":{"line":32,"column":35}},"loc":{"start":{"line":32,"column":47},"end":{"line":38,"column":1}}},"7":{"name":"(anonymous_16)","decl":{"start":{"line":40,"column":32},"end":{"line":40,"column":33}},"loc":{"start":{"line":40,"column":45},"end":{"line":47,"column":1}}},"8":{"name":"(anonymous_17)","decl":{"start":{"line":45,"column":55},"end":{"line":45,"column":59}},"loc":{"start":{"line":45,"column":63},"end":{"line":45,"column":86}}},"9":{"name":"(anonymous_18)","decl":{"start":{"line":50,"column":34},"end":{"line":50,"column":35}},"loc":{"start":{"line":50,"column":47},"end":{"line":57,"column":1}}},"10":{"name":"(anonymous_19)","decl":{"start":{"line":59,"column":37},"end":{"line":59,"column":38}},"loc":{"start":{"line":59,"column":50},"end":{"line":66,"column":1}}},"11":{"name":"(anonymous_20)","decl":{"start":{"line":71,"column":32},"end":{"line":71,"column":33}},"loc":{"start":{"line":71,"column":45},"end":{"line":78,"column":1}}},"12":{"name":"(anonymous_21)","decl":{"start":{"line":81,"column":30},"end":{"line":81,"column":31}},"loc":{"start":{"line":81,"column":43},"end":{"line":87,"column":1}}}},"branchMap":{"0":{"loc":{"start":{"line":25,"column":2},"end":{"line":27,"column":3}},"type":"if","locations":[{"start":{"line":25,"column":2},"end":{"line":27,"column":3}}]},"1":{"loc":{"start":{"line":25,"column":6},"end":{"line":25,"column":66}},"type":"binary-expr","locations":[{"start":{"line":25,"column":6},"end":{"line":25,"column":11}},{"start":{"line":25,"column":15},"end":{"line":25,"column":42}},{"start":{"line":25,"column":46},"end":{"line":25,"column":66}}]},"2":{"loc":{"start":{"line":34,"column":2},"end":{"line":36,"column":3}},"type":"if","locations":[{"start":{"line":34,"column":2},"end":{"line":36,"column":3}}]},"3":{"loc":{"start":{"line":42,"column":2},"end":{"line":44,"column":3}},"type":"if","locations":[{"start":{"line":42,"column":2},"end":{"line":44,"column":3}}]},"4":{"loc":{"start":{"line":52,"column":4},"end":{"line":54,"column":5}},"type":"if","locations":[{"start":{"line":52,"column":4},"end":{"line":54,"column":5}}]},"5":{"loc":{"start":{"line":61,"column":4},"end":{"line":63,"column":5}},"type":"if","locations":[{"start":{"line":61,"column":4},"end":{"line":63,"column":5}}]},"6":{"loc":{"start":{"line":73,"column":4},"end":{"line":75,"column":5}},"type":"if","locations":[{"start":{"line":73,"column":4},"end":{"line":75,"column":5}}]},"7":{"loc":{"start":{"line":73,"column":8},"end":{"line":73,"column":51}},"type":"binary-expr","locations":[{"start":{"line":73,"column":8},"end":{"line":73,"column":18}},{"start":{"line":73,"column":22},"end":{"line":73,"column":51}}]},"8":{"loc":{"start":{"line":82,"column":4},"end":{"line":84,"column":5}},"type":"if","locations":[{"start":{"line":82,"column":4},"end":{"line":84,"column":5}}]},"9":{"loc":{"start":{"line":82,"column":8},"end":{"line":82,"column":61}},"type":"binary-expr","locations":[{"start":{"line":82,"column":8},"end":{"line":82,"column":36}},{"start":{"line":82,"column":40},"end":{"line":82,"column":61}}]}},"s":{"0":3,"1":3,"2":3,"3":3,"4":3,"5":1,"6":3,"7":1,"8":3,"9":1,"10":3,"11":1,"12":3,"13":1,"14":3,"15":2,"16":2,"17":1,"18":1,"19":3,"20":3,"21":3,"22":2,"23":1,"24":3,"25":2,"26":2,"27":1,"28":1,"29":2,"30":1,"31":3,"32":1,"33":1,"34":0,"35":1,"36":1,"37":3,"38":1,"39":1,"40":0,"41":1,"42":1,"43":3,"44":2,"45":2,"46":1,"47":1,"48":3,"49":3,"50":2,"51":1},"f":{"0":1,"1":1,"2":1,"3":1,"4":1,"5":2,"6":3,"7":2,"8":2,"9":1,"10":1,"11":2,"12":3},"b":{"0":[1],"1":[2,2,1],"2":[2],"3":[1],"4":[0],"5":[0],"6":[1],"7":[2,1],"8":[2],"9":[3,2]}}
}
