TN:
SF:src/data-analysis.ts
FN:22,(anonymous_9)
FN:24,(anonymous_10)
FN:33,(anonymous_11)
FN:35,(anonymous_12)
FN:41,(anonymous_13)
FN:43,(anonymous_14)
FN:43,(anonymous_15)
FN:49,(anonymous_16)
FN:59,(anonymous_17)
FN:71,(anonymous_18)
FN:75,(anonymous_19)
FNF:11
FNH:8
FNDA:2,(anonymous_9)
FNDA:20,(anonymous_10)
FNDA:2,(anonymous_11)
FNDA:10,(anonymous_12)
FNDA:10,(anonymous_13)
FNDA:10,(anonymous_14)
FNDA:10,(anonymous_15)
FNDA:10,(anonymous_16)
FNDA:0,(anonymous_17)
FNDA:0,(anonymous_18)
FNDA:0,(anonymous_19)
DA:3,4
DA:6,4
DA:7,4
DA:9,4
DA:12,4
DA:13,1
DA:19,4
DA:22,4
DA:23,2
DA:24,2
DA:25,20
DA:26,20
DA:28,2
DA:29,2
DA:33,4
DA:34,2
DA:35,10
DA:37,2
DA:38,1
DA:41,10
DA:43,10
DA:44,1
DA:46,1
DA:47,1
DA:49,10
DA:51,1
DA:59,4
DA:61,0
DA:62,0
DA:65,0
DA:66,0
DA:70,0
DA:71,0
DA:72,0
DA:73,0
DA:75,0
DA:76,0
DA:77,0
DA:81,0
LF:39
LH:27
BRDA:6,0,0,4
BRDA:12,1,0,1
BRDA:37,2,0,1
BRDA:49,3,0,10
BRDA:49,3,1,10
BRDA:61,4,0,0
BRDA:61,5,0,0
BRDA:61,5,1,0
BRDA:70,6,0,0
BRDA:70,7,0,0
BRDA:70,7,1,0
BRDA:72,8,0,0
BRF:12
BRH:5
end_of_record
TN:
SF:src/financial-summary.ts
FN:4,(anonymous_0)
FNF:1
FNH:0
FNDA:0,(anonymous_0)
DA:2,3
DA:4,3
DA:5,0
DA:7,0
DA:8,0
DA:11,0
DA:12,0
LF:7
LH:2
BRDA:7,0,0,0
BRF:1
BRH:0
end_of_record
TN:
SF:src/health.ts
FN:8,(anonymous_1)
FNF:1
FNH:1
FNDA:52,(anonymous_1)
DA:2,3
DA:3,3
DA:5,3
DA:8,3
DA:9,52
DA:16,3
LF:6
LH:6
BRF:0
BRH:0
end_of_record
TN:
SF:src/index.ts
FN:60,(anonymous_1)
FN:28,(anonymous_2)
FN:33,(anonymous_3)
FN:38,(anonymous_4)
FN:51,(anonymous_5)
FN:52,(anonymous_6)
FN:56,(anonymous_7)
FNF:7
FNH:1
FNDA:0,(anonymous_1)
FNDA:1,(anonymous_2)
FNDA:0,(anonymous_3)
FNDA:0,(anonymous_4)
FNDA:0,(anonymous_5)
FNDA:0,(anonymous_6)
FNDA:0,(anonymous_7)
DA:2,3
DA:3,3
DA:4,3
DA:11,3
DA:14,3
DA:16,3
DA:17,3
DA:18,3
DA:19,3
DA:22,3
DA:25,3
DA:28,3
DA:29,1
DA:33,3
DA:34,0
DA:38,3
DA:39,0
DA:44,3
DA:47,3
DA:50,3
DA:51,3
DA:52,3
DA:55,3
DA:56,3
DA:60,3
LF:25
LH:23
BRF:0
BRH:0
end_of_record
TN:
SF:src/sample-data-apis.ts
FN:14,(anonymous_9)
FN:15,(anonymous_10)
FN:16,(anonymous_11)
FN:19,(anonymous_12)
FN:20,(anonymous_13)
FN:23,(anonymous_14)
FN:32,(anonymous_15)
FN:40,(anonymous_16)
FN:45,(anonymous_17)
FN:50,(anonymous_18)
FN:59,(anonymous_19)
FN:71,(anonymous_20)
FN:81,(anonymous_21)
FNF:13
FNH:13
FNDA:1,(anonymous_9)
FNDA:1,(anonymous_10)
FNDA:1,(anonymous_11)
FNDA:1,(anonymous_12)
FNDA:1,(anonymous_13)
FNDA:2,(anonymous_14)
FNDA:3,(anonymous_15)
FNDA:2,(anonymous_16)
FNDA:2,(anonymous_17)
FNDA:1,(anonymous_18)
FNDA:1,(anonymous_19)
FNDA:2,(anonymous_20)
FNDA:3,(anonymous_21)
DA:2,3
DA:4,3
DA:7,3
DA:11,3
DA:14,3
DA:15,3
DA:16,3
DA:19,3
DA:20,3
DA:23,3
DA:24,2
DA:25,2
DA:26,1
DA:28,1
DA:32,3
DA:33,3
DA:34,3
DA:35,2
DA:37,1
DA:40,3
DA:41,2
DA:42,2
DA:43,1
DA:45,2
DA:46,1
DA:50,3
DA:51,1
DA:52,1
DA:53,0
DA:55,1
DA:56,1
DA:59,3
DA:60,1
DA:61,1
DA:62,0
DA:64,1
DA:65,1
DA:71,3
DA:72,2
DA:73,2
DA:74,1
DA:77,1
DA:81,3
DA:82,3
DA:83,2
DA:86,1
LF:46
LH:44
BRDA:25,0,0,1
BRDA:25,1,0,2
BRDA:25,1,1,2
BRDA:25,1,2,1
BRDA:34,2,0,2
BRDA:42,3,0,1
BRDA:52,4,0,0
BRDA:61,5,0,0
BRDA:73,6,0,1
BRDA:73,7,0,2
BRDA:73,7,1,1
BRDA:82,8,0,2
BRDA:82,9,0,3
BRDA:82,9,1,2
BRF:14
BRH:12
end_of_record
